mobile_app/android/app/build/intermediates/manifest_merge_blame_file/release/manifest-merger-blame-release-report.txt
1<?xml version="1.0" encoding="utf-8"?>
2<manifest xmlns:android="http://schemas.android.com/apk/res/android"
3    package="com.flashapp"
4    android:versionCode="6"
5    android:versionName="1.1.0-backend" >
6
7    <uses-sdk
8        android:minSdkVersion="21"
8-->src/main/AndroidManifest.xml
9        android:targetSdkVersion="33" />
9-->src/main/AndroidManifest.xml
10
11    <uses-permission android:name="android.permission.INTERNET" />
11-->src/main/AndroidManifest.xml:3:5-67
11-->src/main/AndroidManifest.xml:3:22-64
12    <!-- Although the *SdkVersion is captured in gradle build files, this is required for non gradle builds -->
13    <!-- <uses-sdk android:minSdkVersion="14"/> -->
14    <uses-permission android:name="android.permission.ACCESS_NETWORK_STATE" />
14-->[com.google.android.datatransport:transport-backend-cct:2.3.3] AndroidManifest.xml:25:5-79
14-->[com.google.android.datatransport:transport-backend-cct:2.3.3] AndroidManifest.xml:25:22-76
15
16    <application
16-->src/main/AndroidManifest.xml:5:5-24:19
17        android:name="com.flashapp.MainApplication"
17-->src/main/AndroidManifest.xml:6:7-38
18        android:allowBackup="false"
18-->src/main/AndroidManifest.xml:10:7-34
19        android:appComponentFactory="androidx.core.app.CoreComponentFactory"
19-->[androidx.core:core:1.7.0] AndroidManifest.xml:24:18-86
20        android:icon="@mipmap/ic_launcher"
20-->src/main/AndroidManifest.xml:8:7-41
21        android:label="@string/app_name"
21-->src/main/AndroidManifest.xml:7:7-39
22        android:roundIcon="@mipmap/ic_launcher_round"
22-->src/main/AndroidManifest.xml:9:7-52
23        android:theme="@style/AppTheme" >
23-->src/main/AndroidManifest.xml:11:7-38
24        <activity
24-->src/main/AndroidManifest.xml:12:7-23:18
25            android:name="com.flashapp.MainActivity"
25-->src/main/AndroidManifest.xml:13:9-37
26            android:configChanges="keyboard|keyboardHidden|orientation|screenLayout|screenSize|smallestScreenSize|uiMode"
26-->src/main/AndroidManifest.xml:15:9-118
27            android:exported="true"
27-->src/main/AndroidManifest.xml:18:9-32
28            android:label="@string/app_name"
28-->src/main/AndroidManifest.xml:14:9-41
29            android:launchMode="singleTask"
29-->src/main/AndroidManifest.xml:16:9-40
30            android:windowSoftInputMode="adjustResize" >
30-->src/main/AndroidManifest.xml:17:9-51
31            <intent-filter>
31-->src/main/AndroidManifest.xml:19:9-22:25
32                <action android:name="android.intent.action.MAIN" />
32-->src/main/AndroidManifest.xml:20:13-65
32-->src/main/AndroidManifest.xml:20:21-62
33
34                <category android:name="android.intent.category.LAUNCHER" />
34-->src/main/AndroidManifest.xml:21:13-73
34-->src/main/AndroidManifest.xml:21:23-70
35            </intent-filter>
36        </activity>
37
38        <service
38-->[com.google.android.gms:play-services-mlkit-barcode-scanning:18.3.0] AndroidManifest.xml:9:9-15:19
39            android:name="com.google.mlkit.common.internal.MlKitComponentDiscoveryService"
39-->[com.google.android.gms:play-services-mlkit-barcode-scanning:18.3.0] AndroidManifest.xml:10:13-91
40            android:directBootAware="true"
40-->[com.google.mlkit:common:18.9.0] AndroidManifest.xml:17:13-43
41            android:exported="false" >
41-->[com.google.android.gms:play-services-mlkit-barcode-scanning:18.3.0] AndroidManifest.xml:11:13-37
42            <meta-data
42-->[com.google.android.gms:play-services-mlkit-barcode-scanning:18.3.0] AndroidManifest.xml:12:13-14:85
43                android:name="com.google.firebase.components:com.google.mlkit.vision.barcode.internal.BarcodeRegistrar"
43-->[com.google.android.gms:play-services-mlkit-barcode-scanning:18.3.0] AndroidManifest.xml:13:17-120
44                android:value="com.google.firebase.components.ComponentRegistrar" />
44-->[com.google.android.gms:play-services-mlkit-barcode-scanning:18.3.0] AndroidManifest.xml:14:17-82
45            <meta-data
45-->[com.google.mlkit:vision-common:17.3.0] AndroidManifest.xml:12:13-14:85
46                android:name="com.google.firebase.components:com.google.mlkit.vision.common.internal.VisionCommonRegistrar"
46-->[com.google.mlkit:vision-common:17.3.0] AndroidManifest.xml:13:17-124
47                android:value="com.google.firebase.components.ComponentRegistrar" />
47-->[com.google.mlkit:vision-common:17.3.0] AndroidManifest.xml:14:17-82
48            <meta-data
48-->[com.google.mlkit:common:18.9.0] AndroidManifest.xml:20:13-22:85
49                android:name="com.google.firebase.components:com.google.mlkit.common.internal.CommonComponentRegistrar"
49-->[com.google.mlkit:common:18.9.0] AndroidManifest.xml:21:17-120
50                android:value="com.google.firebase.components.ComponentRegistrar" />
50-->[com.google.mlkit:common:18.9.0] AndroidManifest.xml:22:17-82
51        </service>
52
53        <provider
53-->[com.google.mlkit:common:18.9.0] AndroidManifest.xml:9:9-13:38
54            android:name="com.google.mlkit.common.internal.MlKitInitProvider"
54-->[com.google.mlkit:common:18.9.0] AndroidManifest.xml:10:13-78
55            android:authorities="com.flashapp.mlkitinitprovider"
55-->[com.google.mlkit:common:18.9.0] AndroidManifest.xml:11:13-69
56            android:exported="false"
56-->[com.google.mlkit:common:18.9.0] AndroidManifest.xml:12:13-37
57            android:initOrder="99" />
57-->[com.google.mlkit:common:18.9.0] AndroidManifest.xml:13:13-35
58
59        <activity
59-->[com.google.android.gms:play-services-base:18.1.0] AndroidManifest.xml:20:9-22:45
60            android:name="com.google.android.gms.common.api.GoogleApiActivity"
60-->[com.google.android.gms:play-services-base:18.1.0] AndroidManifest.xml:20:19-85
61            android:exported="false"
61-->[com.google.android.gms:play-services-base:18.1.0] AndroidManifest.xml:22:19-43
62            android:theme="@android:style/Theme.Translucent.NoTitleBar" />
62-->[com.google.android.gms:play-services-base:18.1.0] AndroidManifest.xml:21:19-78
63
64        <meta-data
64-->[com.google.android.gms:play-services-basement:18.1.0] AndroidManifest.xml:21:9-23:69
65            android:name="com.google.android.gms.version"
65-->[com.google.android.gms:play-services-basement:18.1.0] AndroidManifest.xml:22:13-58
66            android:value="@integer/google_play_services_version" />
66-->[com.google.android.gms:play-services-basement:18.1.0] AndroidManifest.xml:23:13-66
67
68        <provider
68-->[androidx.emoji2:emoji2:1.0.0] AndroidManifest.xml:26:9-34:20
69            android:name="androidx.startup.InitializationProvider"
69-->[androidx.emoji2:emoji2:1.0.0] AndroidManifest.xml:27:13-67
70            android:authorities="com.flashapp.androidx-startup"
70-->[androidx.emoji2:emoji2:1.0.0] AndroidManifest.xml:28:13-68
71            android:exported="false" >
71-->[androidx.emoji2:emoji2:1.0.0] AndroidManifest.xml:29:13-37
72            <meta-data
72-->[androidx.emoji2:emoji2:1.0.0] AndroidManifest.xml:31:13-33:52
73                android:name="androidx.emoji2.text.EmojiCompatInitializer"
73-->[androidx.emoji2:emoji2:1.0.0] AndroidManifest.xml:32:17-75
74                android:value="androidx.startup" />
74-->[androidx.emoji2:emoji2:1.0.0] AndroidManifest.xml:33:17-49
75            <meta-data
75-->[androidx.lifecycle:lifecycle-process:2.4.0] AndroidManifest.xml:31:13-33:52
76                android:name="androidx.lifecycle.ProcessLifecycleInitializer"
76-->[androidx.lifecycle:lifecycle-process:2.4.0] AndroidManifest.xml:32:17-78
77                android:value="androidx.startup" />
77-->[androidx.lifecycle:lifecycle-process:2.4.0] AndroidManifest.xml:33:17-49
78        </provider>
79
80        <meta-data
80-->[com.facebook.soloader:soloader:0.10.5] AndroidManifest.xml:12:9-14:37
81            android:name="com.facebook.soloader.enabled"
81-->[com.facebook.soloader:soloader:0.10.5] AndroidManifest.xml:13:13-57
82            android:value="false" />
82-->[com.facebook.soloader:soloader:0.10.5] AndroidManifest.xml:14:13-34
83
84        <service
84-->[com.google.android.datatransport:transport-backend-cct:2.3.3] AndroidManifest.xml:29:9-35:19
85            android:name="com.google.android.datatransport.runtime.backends.TransportBackendDiscovery"
85-->[com.google.android.datatransport:transport-backend-cct:2.3.3] AndroidManifest.xml:30:13-103
86            android:exported="false" >
86-->[com.google.android.datatransport:transport-backend-cct:2.3.3] AndroidManifest.xml:31:13-37
87            <meta-data
87-->[com.google.android.datatransport:transport-backend-cct:2.3.3] AndroidManifest.xml:32:13-34:39
88                android:name="backend:com.google.android.datatransport.cct.CctBackendFactory"
88-->[com.google.android.datatransport:transport-backend-cct:2.3.3] AndroidManifest.xml:33:17-94
89                android:value="cct" />
89-->[com.google.android.datatransport:transport-backend-cct:2.3.3] AndroidManifest.xml:34:17-36
90        </service>
91        <service
91-->[com.google.android.datatransport:transport-runtime:2.2.6] AndroidManifest.xml:26:9-30:19
92            android:name="com.google.android.datatransport.runtime.scheduling.jobscheduling.JobInfoSchedulerService"
92-->[com.google.android.datatransport:transport-runtime:2.2.6] AndroidManifest.xml:27:13-117
93            android:exported="false"
93-->[com.google.android.datatransport:transport-runtime:2.2.6] AndroidManifest.xml:28:13-37
94            android:permission="android.permission.BIND_JOB_SERVICE" >
94-->[com.google.android.datatransport:transport-runtime:2.2.6] AndroidManifest.xml:29:13-69
95        </service>
96
97        <receiver
97-->[com.google.android.datatransport:transport-runtime:2.2.6] AndroidManifest.xml:32:9-34:40
98            android:name="com.google.android.datatransport.runtime.scheduling.jobscheduling.AlarmManagerSchedulerBroadcastReceiver"
98-->[com.google.android.datatransport:transport-runtime:2.2.6] AndroidManifest.xml:33:13-132
99            android:exported="false" />
99-->[com.google.android.datatransport:transport-runtime:2.2.6] AndroidManifest.xml:34:13-37
100    </application>
101
102</manifest>